This is pdfTeX, Version 3.1415926-1.40.10 (MiKTeX 2.8) (preloaded format=pdflatex 2010.1.25)  4 FEB 2010 18:01
entering extended mode
**C:/Documents*and*Settings/Jon/My*Documents/Prosjekt/solcelle/Latex_filer/../.
./../Masteroppgave/LaTeX/main.tex

("C:/Documents and Settings/Jon/My Documents/Prosjekt/solcelle/Latex_filer/../.
./../Masteroppgave/LaTeX/main.tex"
LaTeX2e <2005/12/01>
Babel <v3.8l> and hyphenation patterns for english, dumylang, nohyphenation, ge
rman, ngerman, german-x-2009-06-19, ngerman-x-2009-06-19, french, loaded.
("C:\Program Files\MiKTeX 2.8\tex\latex\base\article.cls"
Document Class: article 2005/09/16 v1.4f Standard LaTeX document class
("C:\Program Files\MiKTeX 2.8\tex\latex\base\size11.clo"
File: size11.clo 2005/09/16 v1.4f Standard LaTeX file (size option)
)
\c@part=\count79
\c@section=\count80
\c@subsection=\count81
\c@subsubsection=\count82
\c@paragraph=\count83
\c@subparagraph=\count84
\c@figure=\count85
\c@table=\count86
\abovecaptionskip=\skip41
\belowcaptionskip=\skip42
\bibindent=\dimen102
)
("C:\Program Files\MiKTeX 2.8\tex\latex\base\fontenc.sty"
Package: fontenc 2005/09/27 v1.99g Standard LaTeX package

("C:\Program Files\MiKTeX 2.8\tex\latex\base\t1enc.def"
File: t1enc.def 2005/09/27 v1.99g Standard LaTeX file
LaTeX Font Info:    Redeclaring font encoding T1 on input line 43.
))
("C:\Program Files\MiKTeX 2.8\tex\latex\base\inputenc.sty"
Package: inputenc 2006/05/05 v1.1b Input encoding file
\inpenc@prehook=\toks14
\inpenc@posthook=\toks15

("C:\Program Files\MiKTeX 2.8\tex\latex\base\latin1.def"
File: latin1.def 2006/05/05 v1.1b Input encoding file
))
("C:\Program Files\MiKTeX 2.8\tex\generic\babel\babel.sty"
Package: babel 2008/07/06 v3.8l The Babel package

*************************************
* Local config file bblopts.cfg used
*
("C:\Program Files\MiKTeX 2.8\tex\latex\00miktex\bblopts.cfg"
File: bblopts.cfg 2006/07/31 v1.0 MiKTeX 'babel' configuration
)
("C:\Program Files\MiKTeX 2.8\tex\generic\babel\english.ldf"
Language: english 2005/03/30 v3.3o English support from the babel system

("C:\Program Files\MiKTeX 2.8\tex\generic\babel\babel.def"
File: babel.def 2008/07/06 v3.8l Babel common definitions
\babel@savecnt=\count87
\U@D=\dimen103
)
\l@canadian = a dialect from \language\l@american 
\l@australian = a dialect from \language\l@british 
\l@newzealand = a dialect from \language\l@british 
))
("C:\Program Files\MiKTeX 2.8\tex\latex\graphics\graphicx.sty"
Package: graphicx 1999/02/16 v1.0f Enhanced LaTeX Graphics (DPC,SPQR)

("C:\Program Files\MiKTeX 2.8\tex\latex\graphics\keyval.sty"
Package: keyval 1999/03/16 v1.13 key=value parser (DPC)
\KV@toks@=\toks16
)
("C:\Program Files\MiKTeX 2.8\tex\latex\graphics\graphics.sty"
Package: graphics 2006/02/20 v1.0o Standard LaTeX Graphics (DPC,SPQR)

("C:\Program Files\MiKTeX 2.8\tex\latex\graphics\trig.sty"
Package: trig 1999/03/16 v1.09 sin cos tan (DPC)
)
("C:\Program Files\MiKTeX 2.8\tex\latex\00miktex\graphics.cfg"
File: graphics.cfg 2007/01/18 v1.5 graphics configuration of teTeX/TeXLive
)
Package graphics Info: Driver file: pdftex.def on input line 90.

("C:\Program Files\MiKTeX 2.8\tex\latex\pdftex-def\pdftex.def"
File: pdftex.def 2009/08/25 v0.04m Graphics/color for pdfTeX
\Gread@gobject=\count88
))
\Gin@req@height=\dimen104
\Gin@req@width=\dimen105
)
("C:\Program Files\MiKTeX 2.8\tex\latex\ams\math\amsmath.sty"
Package: amsmath 2000/07/18 v2.13 AMS math features
\@mathmargin=\skip43

For additional information on amsmath, use the `?' option.
("C:\Program Files\MiKTeX 2.8\tex\latex\ams\math\amstext.sty"
Package: amstext 2000/06/29 v2.01

("C:\Program Files\MiKTeX 2.8\tex\latex\ams\math\amsgen.sty"
File: amsgen.sty 1999/11/30 v2.0
\@emptytoks=\toks17
\ex@=\dimen106
))
("C:\Program Files\MiKTeX 2.8\tex\latex\ams\math\amsbsy.sty"
Package: amsbsy 1999/11/29 v1.2d
\pmbraise@=\dimen107
)
("C:\Program Files\MiKTeX 2.8\tex\latex\ams\math\amsopn.sty"
Package: amsopn 1999/12/14 v2.01 operator names
)
\inf@bad=\count89
LaTeX Info: Redefining \frac on input line 211.
\uproot@=\count90
\leftroot@=\count91
LaTeX Info: Redefining \overline on input line 307.
\classnum@=\count92
\DOTSCASE@=\count93
LaTeX Info: Redefining \ldots on input line 379.
LaTeX Info: Redefining \dots on input line 382.
LaTeX Info: Redefining \cdots on input line 467.
\Mathstrutbox@=\box26
\strutbox@=\box27
\big@size=\dimen108
LaTeX Font Info:    Redeclaring font encoding OML on input line 567.
LaTeX Font Info:    Redeclaring font encoding OMS on input line 568.
\macc@depth=\count94
\c@MaxMatrixCols=\count95
\dotsspace@=\muskip10
\c@parentequation=\count96
\dspbrk@lvl=\count97
\tag@help=\toks18
\row@=\count98
\column@=\count99
\maxfields@=\count100
\andhelp@=\toks19
\eqnshift@=\dimen109
\alignsep@=\dimen110
\tagshift@=\dimen111
\tagwidth@=\dimen112
\totwidth@=\dimen113
\lineht@=\dimen114
\@envbody=\toks20
\multlinegap=\skip44
\multlinetaggap=\skip45
\mathdisplay@stack=\toks21
LaTeX Info: Redefining \[ on input line 2666.
LaTeX Info: Redefining \] on input line 2667.
)
("C:\Program Files\MiKTeX 2.8\tex\latex\amsfonts\amsfonts.sty"
Package: amsfonts 2009/06/22 v3.00 Basic AMSFonts support
\symAMSa=\mathgroup4
\symAMSb=\mathgroup5
LaTeX Font Info:    Overwriting math alphabet `\mathfrak' in version `bold'
(Font)                  U/euf/m/n --> U/euf/b/n on input line 96.
)
("C:\Program Files\MiKTeX 2.8\tex\latex\amsfonts\amssymb.sty"
Package: amssymb 2009/06/22 v3.00
)
("C:\Documents and Settings\Jon\Application Data\MiKTeX\2.8\tex\latex\siunits\S
Iunits.sty"
Package: SIunits 2007/12/02 v1.36 Support for the International System of units
 (MH)


\@qskwidth=\skip46
\symgreek=\mathgroup6

("C:\Documents and Settings\Jon\Application Data\MiKTeX\2.8\tex\latex\siunits\S
Iunits.cfg")
Option `amssymb' provided!
) ("C:\Program Files\MiKTeX 2.8\tex\latex\float\float.sty"
Package: float 2001/11/08 v1.3d Float enhancements (AL)
\c@float@type=\count101
\float@exts=\toks22
\float@box=\box28
\@float@everytoks=\toks23
\@floatcapt=\box29
)
("C:\Program Files\MiKTeX 2.8\tex\latex\hyperref\hyperref.sty"
Package: hyperref 2009/09/10 v6.78u Hypertext links for LaTeX

("C:\Program Files\MiKTeX 2.8\tex\generic\oberdiek\ifpdf.sty"
Package: ifpdf 2009/04/10 v2.0 Provides the ifpdf switch (HO)
Package ifpdf Info: pdfTeX in pdf mode detected.
)
("C:\Program Files\MiKTeX 2.8\tex\generic\oberdiek\ifvtex.sty"
Package: ifvtex 2008/11/04 v1.4 Switches for detecting VTeX and its modes (HO)
Package ifvtex Info: VTeX not detected.
)
("C:\Program Files\MiKTeX 2.8\tex\latex\ifxetex\ifxetex.sty"
Package: ifxetex 2009/01/23 v0.5 Provides ifxetex conditional
)
("C:\Program Files\MiKTeX 2.8\tex\latex\oberdiek\hycolor.sty"
Package: hycolor 2008/09/08 v1.4 Code for color options of hyperref/bookmark (H
O)

("C:\Program Files\MiKTeX 2.8\tex\latex\oberdiek\xcolor-patch.sty"
Package: xcolor-patch 2008/09/08 xcolor patch
))
\@linkdim=\dimen115
\Hy@linkcounter=\count102
\Hy@pagecounter=\count103

("C:\Program Files\MiKTeX 2.8\tex\latex\hyperref\pd1enc.def"
File: pd1enc.def 2009/09/10 v6.78u Hyperref: PDFDocEncoding definition (HO)
)
("C:\Program Files\MiKTeX 2.8\tex\generic\oberdiek\etexcmds.sty"
Package: etexcmds 2007/12/12 v1.2 Prefix for e-TeX command names (HO)

("C:\Program Files\MiKTeX 2.8\tex\generic\oberdiek\infwarerr.sty"
Package: infwarerr 2007/09/09 v1.2 Providing info/warning/message (HO)
)
Package etexcmds Info: Could not find \expanded.
(etexcmds)             That can mean that you are not using pdfTeX 1.50 or
(etexcmds)             that some package has redefined \expanded.
(etexcmds)             In the latter case, load this package earlier.
)
("C:\Program Files\MiKTeX 2.8\tex\latex\00miktex\hyperref.cfg"
File: hyperref.cfg 2002/06/06 v1.2 hyperref configuration of TeXLive
)
("C:\Program Files\MiKTeX 2.8\tex\latex\oberdiek\kvoptions.sty"
Package: kvoptions 2009/08/13 v3.4 Keyval support for LaTeX options (HO)

("C:\Program Files\MiKTeX 2.8\tex\generic\oberdiek\kvsetkeys.sty"
Package: kvsetkeys 2009/07/30 v1.5 Key value parser with default handler suppor
t (HO)
))
Package hyperref Info: Option `bookmarks' set `true' on input line 2864.
Package hyperref Info: Hyper figures OFF on input line 2975.
Package hyperref Info: Link nesting OFF on input line 2980.
Package hyperref Info: Hyper index ON on input line 2983.
Package hyperref Info: Plain pages OFF on input line 2990.
Package hyperref Info: Backreferencing OFF on input line 2995.

Implicit mode ON; LaTeX internals redefined
Package hyperref Info: Bookmarks ON on input line 3191.
("C:\Program Files\MiKTeX 2.8\tex\latex\ltxmisc\url.sty"
\Urlmuskip=\muskip11
Package: url 2006/04/12  ver 3.3  Verb mode for urls, etc.
)
LaTeX Info: Redefining \url on input line 3428.

("C:\Program Files\MiKTeX 2.8\tex\generic\oberdiek\bitset.sty"
Package: bitset 2007/09/28 v1.0 Data type bit set (HO)

("C:\Program Files\MiKTeX 2.8\tex\generic\oberdiek\intcalc.sty"
Package: intcalc 2007/09/27 v1.1 Expandable integer calculations (HO)
)
("C:\Program Files\MiKTeX 2.8\tex\generic\oberdiek\bigintcalc.sty"
Package: bigintcalc 2007/11/11 v1.1 Expandable big integer calculations (HO)

("C:\Program Files\MiKTeX 2.8\tex\generic\oberdiek\pdftexcmds.sty"
Package: pdftexcmds 2009/04/10 v0.4 LuaTeX support for pdfTeX utility functions
 (HO)

("C:\Program Files\MiKTeX 2.8\tex\generic\oberdiek\ifluatex.sty"
Package: ifluatex 2009/04/17 v1.2 Provides the ifluatex switch (HO)
Package ifluatex Info: LuaTeX not detected.
)
Package pdftexcmds Info: LuaTeX not detected on input line 144.
)))
\Fld@menulength=\count104
\Field@Width=\dimen116
\Fld@charsize=\dimen117
\Field@toks=\toks24
Package hyperref Info: Hyper figures OFF on input line 4346.
Package hyperref Info: Link nesting OFF on input line 4351.
Package hyperref Info: Hyper index ON on input line 4354.
Package hyperref Info: backreferencing OFF on input line 4361.
Package hyperref Info: Link coloring OFF on input line 4366.
Package hyperref Info: Link coloring with OCG OFF on input line 4371.
Package hyperref Info: PDF/A mode OFF on input line 4376.

("C:\Program Files\MiKTeX 2.8\tex\generic\oberdiek\atbegshi.sty"
Package: atbegshi 2008/07/31 v1.9 At begin shipout hook (HO)
)
\Hy@abspage=\count105
\c@Item=\count106
\c@Hfootnote=\count107
)
*hyperref using default driver hpdftex*
("C:\Program Files\MiKTeX 2.8\tex\latex\hyperref\hpdftex.def"
File: hpdftex.def 2009/09/10 v6.78u Hyperref driver for pdfTeX
\Fld@listcount=\count108
)
("C:\Program Files\MiKTeX 2.8\tex\latex\tools\array.sty"
Package: array 2005/08/23 v2.4b Tabular extension package (FMi)
\col@sep=\dimen118
\extrarowheight=\dimen119
\NC@list=\toks25
\extratabsurround=\skip47
\backup@length=\skip48
)
("C:\Program Files\MiKTeX 2.8\tex\latex\ltxmisc\chngpage.sty"
Package: chngpage 2003/08/10 v1.2 change page layout
\c@cp@cnt=\count109
\c@cp@tempcnt=\count110
)
("C:\Documents and Settings\Jon\Application Data\MiKTeX\2.8\tex\latex\pgf\front
endlayer\tikz.sty"
("C:\Documents and Settings\Jon\Application Data\MiKTeX\2.8\tex\latex\pgf\basic
layer\pgf.sty"
("C:\Documents and Settings\Jon\Application Data\MiKTeX\2.8\tex\latex\pgf\utili
ties\pgfrcs.sty"
("C:\Documents and Settings\Jon\Application Data\MiKTeX\2.8\tex\generic\pgf\uti
lities\pgfutil-common.tex"
\pgfutil@everybye=\toks26
)
("C:\Documents and Settings\Jon\Application Data\MiKTeX\2.8\tex\generic\pgf\uti
lities\pgfutil-latex.def")
("C:\Documents and Settings\Jon\Application Data\MiKTeX\2.8\tex\generic\pgf\uti
lities\pgfrcs.code.tex"
Package: pgfrcs 2008/02/20 v2.00 (rcs-revision 1.21)
))
Package: pgf 2008/01/15 v2.00 (rcs-revision 1.12)

("C:\Documents and Settings\Jon\Application Data\MiKTeX\2.8\tex\latex\pgf\basic
layer\pgfcore.sty"
("C:\Documents and Settings\Jon\Application Data\MiKTeX\2.8\tex\latex\pgf\syste
mlayer\pgfsys.sty"
("C:\Documents and Settings\Jon\Application Data\MiKTeX\2.8\tex\generic\pgf\sys
temlayer\pgfsys.code.tex"
Package: pgfsys 2008/02/07 v2.00 (rcs-revision 1.31)

("C:\Documents and Settings\Jon\Application Data\MiKTeX\2.8\tex\generic\pgf\uti
lities\pgfkeys.code.tex"
\pgfkeys@pathtoks=\toks27
\pgfkeys@temptoks=\toks28
)
\pgf@x=\dimen120
\pgf@y=\dimen121
\pgf@xa=\dimen122
\pgf@ya=\dimen123
\pgf@xb=\dimen124
\pgf@yb=\dimen125
\pgf@xc=\dimen126
\pgf@yc=\dimen127
\c@pgf@counta=\count111
\c@pgf@countb=\count112
\c@pgf@countc=\count113
\c@pgf@countd=\count114

("C:\Documents and Settings\Jon\Application Data\MiKTeX\2.8\tex\generic\pgf\sys
temlayer\pgf.cfg"
File: pgf.cfg 2008/01/13  (rcs-revision 1.6)
)
Package pgfsys Info: Driver file for pgf: pgfsys-pdftex.def on input line 885.

("C:\Documents and Settings\Jon\Application Data\MiKTeX\2.8\tex\generic\pgf\sys
temlayer\pgfsys-pdftex.def"
File: pgfsys-pdftex.def 2007/12/20  (rcs-revision 1.20)

("C:\Documents and Settings\Jon\Application Data\MiKTeX\2.8\tex\generic\pgf\sys
temlayer\pgfsys-common-pdf.def"
File: pgfsys-common-pdf.def 2007/12/17  (rcs-revision 1.8)
)))
("C:\Documents and Settings\Jon\Application Data\MiKTeX\2.8\tex\generic\pgf\sys
temlayer\pgfsyssoftpath.code.tex"
File: pgfsyssoftpath.code.tex 2008/01/23  (rcs-revision 1.6)
\pgfsyssoftpath@smallbuffer@items=\count115
\pgfsyssoftpath@bigbuffer@items=\count116
)
("C:\Documents and Settings\Jon\Application Data\MiKTeX\2.8\tex\generic\pgf\sys
temlayer\pgfsysprotocol.code.tex"
File: pgfsysprotocol.code.tex 2006/10/16  (rcs-revision 1.4)
))
("C:\Documents and Settings\Jon\Application Data\MiKTeX\2.8\tex\latex\xcolor\xc
olor.sty"
Package: xcolor 2007/01/21 v2.11 LaTeX color extensions (UK)
 ("C:\Program Files\MiKTeX 2.8\tex\latex\00miktex\color.cfg"
File: color.cfg 2007/01/18 v1.5 color configuration of teTeX/TeXLive
)
Package xcolor Info: Driver file: pdftex.def on input line 225.
Package xcolor Info: Model `cmy' substituted by `cmy0' on input line 1337.
Package xcolor Info: Model `hsb' substituted by `rgb' on input line 1341.
Package xcolor Info: Model `RGB' extended on input line 1353.
Package xcolor Info: Model `HTML' substituted by `rgb' on input line 1355.
Package xcolor Info: Model `Hsb' substituted by `hsb' on input line 1356.
Package xcolor Info: Model `tHsb' substituted by `hsb' on input line 1357.
Package xcolor Info: Model `HSB' substituted by `hsb' on input line 1358.
Package xcolor Info: Model `Gray' substituted by `gray' on input line 1359.
Package xcolor Info: Model `wave' substituted by `hsb' on input line 1360.
)
("C:\Documents and Settings\Jon\Application Data\MiKTeX\2.8\tex\generic\pgf\bas
iclayer\pgfcore.code.tex"
Package: pgfcore 2008/01/15 v2.00 (rcs-revision 1.6)

("C:\Documents and Settings\Jon\Application Data\MiKTeX\2.8\tex\generic\pgf\mat
h\pgfmath.code.tex"
("C:\Documents and Settings\Jon\Application Data\MiKTeX\2.8\tex\generic\pgf\mat
h\pgfmathcalc.code.tex"
("C:\Documents and Settings\Jon\Application Data\MiKTeX\2.8\tex\generic\pgf\mat
h\pgfmathutil.code.tex"
\pgfmath@box=\box30
)
("C:\Documents and Settings\Jon\Application Data\MiKTeX\2.8\tex\generic\pgf\mat
h\pgfmathparser.code.tex"
\pgfmath@stack=\toks29
\c@pgfmath@parsecounta=\count117
\c@pgfmath@parsecountb=\count118
\c@pgfmath@parsecountc=\count119
\pgfmath@parsex=\dimen128
)
("C:\Documents and Settings\Jon\Application Data\MiKTeX\2.8\tex\generic\pgf\mat
h\pgfmathoperations.code.tex"
("C:\Documents and Settings\Jon\Application Data\MiKTeX\2.8\tex\generic\pgf\mat
h\pgfmathtrig.code.tex")
("C:\Documents and Settings\Jon\Application Data\MiKTeX\2.8\tex\generic\pgf\mat
h\pgfmathrnd.code.tex"))
("C:\Documents and Settings\Jon\Application Data\MiKTeX\2.8\tex\generic\pgf\mat
h\pgfmathbase.code.tex")))
("C:\Documents and Settings\Jon\Application Data\MiKTeX\2.8\tex\generic\pgf\bas
iclayer\pgfcorepoints.code.tex"
File: pgfcorepoints.code.tex 2008/02/03  (rcs-revision 1.13)
\pgf@picminx=\dimen129
\pgf@picmaxx=\dimen130
\pgf@picminy=\dimen131
\pgf@picmaxy=\dimen132
\pgf@pathminx=\dimen133
\pgf@pathmaxx=\dimen134
\pgf@pathminy=\dimen135
\pgf@pathmaxy=\dimen136
\pgf@xx=\dimen137
\pgf@xy=\dimen138
\pgf@yx=\dimen139
\pgf@yy=\dimen140
\pgf@zx=\dimen141
\pgf@zy=\dimen142
)
("C:\Documents and Settings\Jon\Application Data\MiKTeX\2.8\tex\generic\pgf\bas
iclayer\pgfcorepathconstruct.code.tex"
File: pgfcorepathconstruct.code.tex 2008/02/13  (rcs-revision 1.14)
\pgf@path@lastx=\dimen143
\pgf@path@lasty=\dimen144
)
("C:\Documents and Settings\Jon\Application Data\MiKTeX\2.8\tex\generic\pgf\bas
iclayer\pgfcorepathusage.code.tex"
File: pgfcorepathusage.code.tex 2008/01/23  (rcs-revision 1.11)
\pgf@shorten@end@additional=\dimen145
\pgf@shorten@start@additional=\dimen146
)
("C:\Documents and Settings\Jon\Application Data\MiKTeX\2.8\tex\generic\pgf\bas
iclayer\pgfcorescopes.code.tex"
File: pgfcorescopes.code.tex 2008/01/15  (rcs-revision 1.26)
\pgfpic=\box31
\pgf@hbox=\box32
\pgf@layerbox@main=\box33
\pgf@picture@serial@count=\count120
)
("C:\Documents and Settings\Jon\Application Data\MiKTeX\2.8\tex\generic\pgf\bas
iclayer\pgfcoregraphicstate.code.tex"
File: pgfcoregraphicstate.code.tex 2007/12/12  (rcs-revision 1.8)
\pgflinewidth=\dimen147
)
("C:\Documents and Settings\Jon\Application Data\MiKTeX\2.8\tex\generic\pgf\bas
iclayer\pgfcoretransformations.code.tex"
File: pgfcoretransformations.code.tex 2008/02/04  (rcs-revision 1.10)
\pgf@pt@x=\dimen148
\pgf@pt@y=\dimen149
\pgf@pt@temp=\dimen150
)
("C:\Documents and Settings\Jon\Application Data\MiKTeX\2.8\tex\generic\pgf\bas
iclayer\pgfcorequick.code.tex"
File: pgfcorequick.code.tex 2006/10/11  (rcs-revision 1.2)
)
("C:\Documents and Settings\Jon\Application Data\MiKTeX\2.8\tex\generic\pgf\bas
iclayer\pgfcoreobjects.code.tex"
File: pgfcoreobjects.code.tex 2006/10/11  (rcs-revision 1.2)
)
("C:\Documents and Settings\Jon\Application Data\MiKTeX\2.8\tex\generic\pgf\bas
iclayer\pgfcorepathprocessing.code.tex"
File: pgfcorepathprocessing.code.tex 2008/01/23  (rcs-revision 1.7)
)
("C:\Documents and Settings\Jon\Application Data\MiKTeX\2.8\tex\generic\pgf\bas
iclayer\pgfcorearrows.code.tex"
File: pgfcorearrows.code.tex 2007/06/07  (rcs-revision 1.8)
)
("C:\Documents and Settings\Jon\Application Data\MiKTeX\2.8\tex\generic\pgf\bas
iclayer\pgfcoreshade.code.tex"
File: pgfcoreshade.code.tex 2007/12/10  (rcs-revision 1.9)
\pgf@max=\dimen151
\pgf@sys@shading@range@num=\count121
)
("C:\Documents and Settings\Jon\Application Data\MiKTeX\2.8\tex\generic\pgf\bas
iclayer\pgfcoreimage.code.tex"
File: pgfcoreimage.code.tex 2008/01/15  (rcs-revision 1.1)
\pgfexternal@startupbox=\box34
)
("C:\Documents and Settings\Jon\Application Data\MiKTeX\2.8\tex\generic\pgf\bas
iclayer\pgfcorelayers.code.tex"
File: pgfcorelayers.code.tex 2008/01/15  (rcs-revision 1.1)
)
("C:\Documents and Settings\Jon\Application Data\MiKTeX\2.8\tex\generic\pgf\bas
iclayer\pgfcoretransparency.code.tex"
File: pgfcoretransparency.code.tex 2008/01/17  (rcs-revision 1.2)
)
("C:\Documents and Settings\Jon\Application Data\MiKTeX\2.8\tex\generic\pgf\bas
iclayer\pgfcorepatterns.code.tex"
File: pgfcorepatterns.code.tex 2008/01/15  (rcs-revision 1.1)
)))
("C:\Documents and Settings\Jon\Application Data\MiKTeX\2.8\tex\generic\pgf\mod
ules\pgfmoduleshapes.code.tex"
File: pgfmoduleshapes.code.tex 2008/02/13  (rcs-revision 1.4)
\pgfnodeparttextbox=\box35
\toks@savedmacro=\toks30
)
("C:\Documents and Settings\Jon\Application Data\MiKTeX\2.8\tex\generic\pgf\mod
ules\pgfmoduleplot.code.tex"
File: pgfmoduleplot.code.tex 2008/01/15  (rcs-revision 1.1)
\pgf@plotwrite=\write3
)
("C:\Documents and Settings\Jon\Application Data\MiKTeX\2.8\tex\latex\pgf\compa
tibility\pgfcomp-version-0-65.sty"
Package: pgfcomp-version-0-65 2007/07/03 v2.00 (rcs-revision 1.7)
\pgf@nodesepstart=\dimen152
\pgf@nodesepend=\dimen153
)
("C:\Documents and Settings\Jon\Application Data\MiKTeX\2.8\tex\latex\pgf\compa
tibility\pgfcomp-version-1-18.sty"
Package: pgfcomp-version-1-18 2007/07/23 v2.00 (rcs-revision 1.1)
))
("C:\Documents and Settings\Jon\Application Data\MiKTeX\2.8\tex\latex\pgf\utili
ties\pgffor.sty"
("C:\Documents and Settings\Jon\Application Data\MiKTeX\2.8\tex\generic\pgf\uti
lities\pgffor.code.tex"
Package: pgffor 2007/11/07 v2.00 (rcs-revision 1.8)
\pgffor@iter=\dimen154
\pgffor@skip=\dimen155
))
("C:\Documents and Settings\Jon\Application Data\MiKTeX\2.8\tex\generic\pgf\fro
ntendlayer\tikz\tikz.code.tex"
Package: tikz 2008/02/13 v2.00 (rcs-revision 1.27)

("C:\Documents and Settings\Jon\Application Data\MiKTeX\2.8\tex\generic\pgf\lib
raries\pgflibraryplothandlers.code.tex"
File: pgflibraryplothandlers.code.tex 2007/03/09 v2.00 (rcs-revision 1.9)
\pgf@plot@mark@count=\count122
\pgfplotmarksize=\dimen156
)
\tikz@lastx=\dimen157
\tikz@lasty=\dimen158
\tikz@lastxsaved=\dimen159
\tikz@lastysaved=\dimen160
\tikzleveldistance=\dimen161
\tikzsiblingdistance=\dimen162
\tikz@figbox=\box36
\tikz@tempbox=\box37
\tikztreelevel=\count123
\tikznumberofchildren=\count124
\tikznumberofcurrentchild=\count125
\tikz@fig@count=\count126

("C:\Documents and Settings\Jon\Application Data\MiKTeX\2.8\tex\generic\pgf\mod
ules\pgfmodulematrix.code.tex"
File: pgfmodulematrix.code.tex 2008/01/15  (rcs-revision 1.1)
\pgfmatrixcurrentrow=\count127
\pgfmatrixcurrentcolumn=\count128
\pgf@matrix@numberofcolumns=\count129
)
\tikz@expandcount=\count130

("C:\Documents and Settings\Jon\Application Data\MiKTeX\2.8\tex\generic\pgf\fro
ntendlayer\tikz\libraries\tikzlibrarytopaths.code.tex"
File: tikzlibrarytopaths.code.tex 2008/01/09 v2.00 (rcs-revision 1.1)
)))
("C:\Documents and Settings\Jon\Application Data\MiKTeX\2.8\tex\latex\tkz-tab\t
kz-tab.sty"
Package: tkz-tab 2009/02/21 v1.0c variations (ctan version) 
 ("C:\Program Files\MiKTeX 2.8\tex\latex\misc\etex.sty"
Package: etex 1998/03/26 v2.0 eTeX basic definition package (PEB)
\et@xins=\count131
)
("C:\Program Files\MiKTeX 2.8\tex\latex\base\ifthen.sty"
Package: ifthen 2001/05/26 v1.1c Standard LaTeX ifthen package (DPC)
)
("C:\Program Files\MiKTeX 2.8\tex\latex\xkeyval\xkeyval.sty"
Package: xkeyval 2008/08/13 v2.6a package option processing (HA)

("C:\Program Files\MiKTeX 2.8\tex\generic\xkeyval\xkeyval.tex"
\XKV@toks=\toks31
\XKV@tempa@toks=\toks32
\XKV@depth=\count132
File: xkeyval.tex 2008/08/13 v2.6a key=value parser (HA)
))
("C:\Documents and Settings\Jon\Application Data\MiKTeX\2.8\tex\generic\pgf\fro
ntendlayer\tikz\libraries\tikzlibraryarrows.code.tex"
File: tikzlibraryarrows.code.tex 2008/01/09 v2.00 (rcs-revision 1.1)

("C:\Documents and Settings\Jon\Application Data\MiKTeX\2.8\tex\generic\pgf\lib
raries\pgflibraryarrows.code.tex"
File: pgflibraryarrows.code.tex 2007/06/07 v2.00 (rcs-revision 1.7)
))
("C:\Documents and Settings\Jon\Application Data\MiKTeX\2.8\tex\generic\pgf\fro
ntendlayer\tikz\libraries\tikzlibrarypatterns.code.tex"
File: tikzlibrarypatterns.code.tex 2008/01/15 v2.00 (rcs-revision 1.2)

("C:\Documents and Settings\Jon\Application Data\MiKTeX\2.8\tex\generic\pgf\lib
raries\pgflibrarypatterns.code.tex"
File: pgflibrarypatterns.code.tex 2008/01/15 v2.00 (rcs-revision 1.12)
))
\tkz@XF=\dimen163
\tkz@YF=\dimen164
\c@tkz@cnt@line=\count133
\c@tkz@cnt@lg=\count134
\c@tkz@cnt@cl=\count135
\c@tkz@cnt@pred=\count136
\c@tkz@cnt@temp=\count137
\c@tkz@cnt@arrow=\count138
\c@tkz@cnt@zone=\count139
\c@tkz@cnt@lgnext=\count140
\c@tkz@cnt@clnext=\count141
\c@tkz@cnt@pair=\count142
\c@tkz@cnt@impair=\count143
\c@tkz@cnt@aw=\count144
)
("C:\Documents and Settings\Jon\Application Data\MiKTeX\2.8\tex\generic\pgf\fro
ntendlayer\tikz\libraries\tikzlibrarydecorations.pathmorphing.code.tex"
("C:\Documents and Settings\Jon\Application Data\MiKTeX\2.8\tex\generic\pgf\fro
ntendlayer\tikz\libraries\tikzlibrarydecorations.code.tex"
("C:\Documents and Settings\Jon\Application Data\MiKTeX\2.8\tex\generic\pgf\mod
ules\pgfmoduledecorations.code.tex"
\pgfdecoratedcompleteddistance=\dimen165
\pgfdecoratedremainingdistance=\dimen166
\pgfdecoratedinputsegmentcompleteddistance=\dimen167
\pgfdecoratedinputsegmentremainingdistance=\dimen168
\pgf@decorate@distancetomove=\dimen169
\pgf@decorate@repeatstate=\count145
\pgfdecorationsegmentamplitude=\dimen170
\pgfdecorationsegmentlength=\dimen171
))
("C:\Documents and Settings\Jon\Application Data\MiKTeX\2.8\tex\generic\pgf\lib
raries\pgflibrarydecorations.pathmorphing.code.tex"))
("C:\Documents and Settings\Jon\Application Data\MiKTeX\2.8\tex\generic\pgf\fro
ntendlayer\tikz\libraries\tikzlibrarydecorations.pathreplacing.code.tex"
("C:\Documents and Settings\Jon\Application Data\MiKTeX\2.8\tex\generic\pgf\lib
raries\pgflibrarydecorations.pathreplacing.code.tex"))
("C:\Documents and Settings\Jon\Application Data\MiKTeX\2.8\tex\generic\pgf\fro
ntendlayer\tikz\libraries\tikzlibraryshapes.code.tex"
File: tikzlibraryshapes.code.tex 2008/01/09 v2.00 (rcs-revision 1.1)

("C:\Documents and Settings\Jon\Application Data\MiKTeX\2.8\tex\generic\pgf\fro
ntendlayer\tikz\libraries\tikzlibraryshapes.geometric.code.tex"
File: tikzlibraryshapes.geometric.code.tex 2008/01/09 v2.00 (rcs-revision 1.1)

("C:\Documents and Settings\Jon\Application Data\MiKTeX\2.8\tex\generic\pgf\lib
raries\pgflibraryshapes.geometric.code.tex"
File: pgflibraryshapes.geometric.code.tex 2008/02/01 v2.00 (rcs-revision 1.22)
))
("C:\Documents and Settings\Jon\Application Data\MiKTeX\2.8\tex\generic\pgf\fro
ntendlayer\tikz\libraries\tikzlibraryshapes.misc.code.tex"
File: tikzlibraryshapes.misc.code.tex 2008/01/09 v2.00 (rcs-revision 1.1)

("C:\Documents and Settings\Jon\Application Data\MiKTeX\2.8\tex\generic\pgf\lib
raries\pgflibraryshapes.misc.code.tex"
File: pgflibraryshapes.misc.code.tex 2008/02/12 v2.00 (rcs-revision 1.10)
))
("C:\Documents and Settings\Jon\Application Data\MiKTeX\2.8\tex\generic\pgf\fro
ntendlayer\tikz\libraries\tikzlibraryshapes.symbols.code.tex"
File: tikzlibraryshapes.symbols.code.tex 2008/01/09 v2.00 (rcs-revision 1.1)

("C:\Documents and Settings\Jon\Application Data\MiKTeX\2.8\tex\generic\pgf\lib
raries\pgflibraryshapes.symbols.code.tex"
File: pgflibraryshapes.symbols.code.tex 2008/01/30 v2.00 (rcs-revision 1.13)
))
("C:\Documents and Settings\Jon\Application Data\MiKTeX\2.8\tex\generic\pgf\fro
ntendlayer\tikz\libraries\tikzlibraryshapes.arrows.code.tex"
File: tikzlibraryshapes.arrows.code.tex 2008/01/09 v2.00 (rcs-revision 1.1)

("C:\Documents and Settings\Jon\Application Data\MiKTeX\2.8\tex\generic\pgf\lib
raries\pgflibraryshapes.arrows.code.tex"
File: pgflibraryshapes.arrows.code.tex 2007/11/10 v2.00 (rcs-revision 1.3)
))
("C:\Documents and Settings\Jon\Application Data\MiKTeX\2.8\tex\generic\pgf\fro
ntendlayer\tikz\libraries\tikzlibraryshapes.callouts.code.tex"
("C:\Documents and Settings\Jon\Application Data\MiKTeX\2.8\tex\generic\pgf\lib
raries\pgflibraryshapes.callouts.code.tex"))
("C:\Documents and Settings\Jon\Application Data\MiKTeX\2.8\tex\generic\pgf\fro
ntendlayer\tikz\libraries\tikzlibraryshapes.multipart.code.tex"
File: tikzlibraryshapes.multipart.code.tex 2008/01/09 v2.00 (rcs-revision 1.1)

("C:\Documents and Settings\Jon\Application Data\MiKTeX\2.8\tex\generic\pgf\lib
raries\pgflibraryshapes.multipart.code.tex"
File: pgflibraryshapes.multipart.code.tex 2008/01/15 v2.00 (rcs-revision 1.7)
\pgfnodepartlowerbox=\box38
\pgfnodepartsecondbox=\box39
\pgfnodepartthirdbox=\box40
\pgfnodepartfourthbox=\box41
)))
("C:\Documents and Settings\Jon\Application Data\MiKTeX\2.8\tex\latex\rotating\
rotating.sty"
Package: rotating 2009/03/28 v2.16a rotated objects in LaTeX
\c@r@tfl@t=\count146
\rotFPtop=\skip49
\rotFPbot=\skip50
\rot@float@box=\box42
\rot@mess@toks=\toks33
)
("C:\Documents and Settings\Jon\Application Data\MiKTeX\2.8\tex\latex\subfigure
\subfigure.sty"
Package: subfigure 2002/07/30 v2.1.4 subfigure package
\subfigtopskip=\skip51
\subfigcapskip=\skip52
\subfigcaptopadj=\dimen172
\subfigbottomskip=\skip53
\subfigcapmargin=\dimen173
\subfiglabelskip=\skip54
\c@subfigure=\count147
\c@lofdepth=\count148
\c@subtable=\count149
\c@lotdepth=\count150

****************************************
* Local config file subfigure.cfg used *
****************************************

("C:\Documents and Settings\Jon\Application Data\MiKTeX\2.8\tex\latex\subfigure
\subfigure.cfg")
\subfig@top=\skip55
\subfig@bottom=\skip56
) ("C:\Program Files\MiKTeX 2.8\tex\latex\oberdiek\epstopdf.sty"
Package: epstopdf 2009/07/16 v2.2 Conversion with epstopdf on the fly (HO)
 ("C:\Program Files\MiKTeX 2.8\tex\latex\oberdiek\epstopdf-base.sty"
Package: epstopdf-base 2009/07/16 v2.2 Base part for package epstopdf

("C:\Program Files\MiKTeX 2.8\tex\latex\oberdiek\grfext.sty"
Package: grfext 2007/09/30 v1.0 Managing graphics extensions (HO)
)
Package grfext Info: Graphics extension search list:
(grfext)             [.png,.pdf,.jpg,.mps,.jpeg,.jbig2,.jb2,.PNG,.PDF,.JPG,.JPE
G,.JBIG2,.JB2,.eps]
(grfext)             \AppendGraphicsExtensions on input line 429.
))
("C:\Documents and Settings\Jon\My Documents\Masteroppgave\LaTeX\main.aux"

LaTeX Warning: Label `' multiply defined.

)
LaTeX Font Info:    Checking defaults for OML/cmm/m/it on input line 33.
LaTeX Font Info:    ... okay on input line 33.
LaTeX Font Info:    Checking defaults for T1/cmr/m/n on input line 33.
LaTeX Font Info:    ... okay on input line 33.
LaTeX Font Info:    Checking defaults for OT1/cmr/m/n on input line 33.
LaTeX Font Info:    ... okay on input line 33.
LaTeX Font Info:    Checking defaults for OMS/cmsy/m/n on input line 33.
LaTeX Font Info:    ... okay on input line 33.
LaTeX Font Info:    Checking defaults for OMX/cmex/m/n on input line 33.
LaTeX Font Info:    ... okay on input line 33.
LaTeX Font Info:    Checking defaults for U/cmr/m/n on input line 33.
LaTeX Font Info:    ... okay on input line 33.
LaTeX Font Info:    Checking defaults for TS1/cmr/m/n on input line 33.
LaTeX Font Info:    Try loading font information for TS1+cmr on input line 33.
 ("C:\Program Files\MiKTeX 2.8\tex\latex\base\ts1cmr.fd"
File: ts1cmr.fd 1999/05/25 v2.5h Standard LaTeX font definitions
)
LaTeX Font Info:    ... okay on input line 33.
LaTeX Font Info:    Checking defaults for PD1/pdf/m/n on input line 33.
LaTeX Font Info:    ... okay on input line 33.

("C:\Program Files\MiKTeX 2.8\tex\context\base\supp-pdf.tex"
[Loading MPS to PDF converter (version 2006.09.02).]
\scratchcounter=\count151
\scratchdimen=\dimen174
\scratchbox=\box43
\nofMPsegments=\count152
\nofMParguments=\count153
\everyMPshowfont=\toks34
\MPscratchCnt=\count154
\MPscratchDim=\dimen175
\MPnumerator=\count155
\everyMPtoPDFconversion=\toks35
)
Option `amssymb' provided! 
 Command \square redefined by SIunits package!

Package hyperref Info: Link coloring OFF on input line 33.
("C:\Program Files\MiKTeX 2.8\tex\latex\hyperref\nameref.sty"
Package: nameref 2007/05/29 v2.31 Cross-referencing by name of section

("C:\Program Files\MiKTeX 2.8\tex\latex\oberdiek\refcount.sty"
Package: refcount 2008/08/11 v3.1 Data extraction from references (HO)
)
\c@section@level=\count156
)
LaTeX Info: Redefining \ref on input line 33.
LaTeX Info: Redefining \pageref on input line 33.

("C:\Documents and Settings\Jon\My Documents\Masteroppgave\LaTeX\main.out")
("C:\Documents and Settings\Jon\My Documents\Masteroppgave\LaTeX\main.out")
\@outlinefile=\write4
\AtBeginShipoutBox=\box44

("C:\Documents and Settings\Jon\My Documents\Masteroppgave\LaTeX\dlinjer.tex"

LaTeX Warning: Reference `drozdov76' on page 1 undefined on input line 1.

! Undefined control sequence.
l.1 ... The samples where deformed at 850 \degrees
                                                   by bending, so that dislo...
The control sequence at the end of the top line
of your error message was never \def'ed. If you have
misspelled it (e.g., `\hobx'), type `I' and the correct
spelling (e.g., `I\hbox'). Otherwise just continue,
and I'll forget about whatever was undefined.


LaTeX Warning: Reference `drozdov76' on page 1 undefined on input line 1.

LaTeX Font Info:    Try loading font information for U+msa on input line 1.
("C:\Program Files\MiKTeX 2.8\tex\latex\amsfonts\umsa.fd"
File: umsa.fd 2009/06/22 v3.00 AMS symbols A
)
LaTeX Font Info:    Try loading font information for U+msb on input line 1.

("C:\Program Files\MiKTeX 2.8\tex\latex\amsfonts\umsb.fd"
File: umsb.fd 2009/06/22 v3.00 AMS symbols B
)

LaTeX Warning: Reference `drozdov76' on page 1 undefined on input line 1.


LaTeX Warning: Reference `drozdov76' on page 1 undefined on input line 1.


LaTeX Warning: Reference `lee09' on page 1 undefined on input line 1.


LaTeX Warning: Reference `sauer85' on page 1 undefined on input line 3.


LaTeX Warning: Reference `sauer85' on page 1 undefined on input line 3.


LaTeX Warning: Reference `sauer85' on page 1 undefined on input line 3.


LaTeX Warning: Reference `sauer85' on page 1 undefined on input line 3.


LaTeX Warning: Reference `suezawa83' on page 1 undefined on input line 6.


LaTeX Warning: Reference `sauer85' on page 1 undefined on input line 6.


LaTeX Warning: Reference `higgs91' on page 1 undefined on input line 6.


LaTeX Warning: Reference `sekiguchi95' on page 1 undefined on input line 6.


LaTeX Warning: Reference `kveder95' on page 1 undefined on input line 6.


LaTeX Warning: Reference `kveder95' on page 1 undefined on input line 6.


LaTeX Warning: Reference `drozdov76' on page 1 undefined on input line 11.


LaTeX Warning: Reference `sauer85' on page 1 undefined on input line 11.


LaTeX Warning: Reference `tarasov00' on page 1 undefined on input line 11.


LaTeX Warning: Reference `staiger94' on page 1 undefined on input line 11.


LaTeX Warning: Reference `sauer85' on page 1 undefined on input line 11.


LaTeX Warning: Reference `tarasov00' on page 1 undefined on input line 11.


LaTeX Warning: Reference `tarasov00' on page 1 undefined on input line 11.


Overfull \hbox (1.8884pt too wide) in paragraph at lines 11--12
[]\T1/cmr/m/n/10.95 Both [] and [] stud-ied plas-ti-cally de-formed sil-i-con m
ade by the Czochral-
 []


LaTeX Warning: Reference `drozdov76' on page 1 undefined on input line 18.


LaTeX Warning: Reference `tarasov00' on page 1 undefined on input line 21.

[1





{C:/Documents and Settings/Jon/Local Settings/Application Data/MiKTeX/2.8/pdfte
x/config/pdftex.map}]

LaTeX Warning: Reference `tarasov00' on page 2 undefined on input line 30.


LaTeX Warning: Reference `tarasov00' on page 2 undefined on input line 30.


LaTeX Warning: Reference `tarasov00' on page 2 undefined on input line 30.


LaTeX Warning: Reference `tarasov01' on page 2 undefined on input line 32.


LaTeX Warning: Reference `tarasov01' on page 2 undefined on input line 32.


LaTeX Warning: Reference `sugimoto06' on page 2 undefined on input line 34.


LaTeX Warning: Reference `sugimoto06' on page 2 undefined on input line 34.


LaTeX Warning: Reference `sauer85' on page 2 undefined on input line 34.


LaTeX Warning: Reference `sugimoto06' on page 2 undefined on input line 34.


LaTeX Warning: Reference `dean67' on page 2 undefined on input line 34.


LaTeX Warning: Reference `sugimoto06' on page 2 undefined on input line 34.


LaTeX Warning: Reference `sugimoto07' on page 2 undefined on input line 37.


LaTeX Warning: Reference `higgs92' on page 2 undefined on input line 46.


LaTeX Warning: Reference `sekiguchi95' on page 2 undefined on input line 46.


LaTeX Warning: Reference `tajima95' on page 2 undefined on input line 48.


LaTeX Warning: Reference `tajima95' on page 2 undefined on input line 48.


LaTeX Warning: Reference `inoue07' on page 2 undefined on input line 53.


LaTeX Warning: Reference `inoue07' on page 2 undefined on input line 53.

) ("C:\Documents and Settings\Jon\My Documents\Masteroppgave\LaTeX\tabeller.tex
" [2]
! Misplaced alignment tab character &.
l.3 Reference &
                spekter/forurensing & Navn + eV & Temperatur & Framstillings...
I can't figure out why you would want to use a tab mark
here. If you just want an ampersand, the remedy is
simple: Just type `I\&' now. But if some right brace
up above has ended a previous alignment prematurely,
you're probably due for more error messages, and you
might try typing `S' now just to see what is salvageable.

! Misplaced alignment tab character &.
l.3 Reference & spekter/forurensing &
                                      Navn + eV & Temperatur & Framstillings...
I can't figure out why you would want to use a tab mark
here. If you just want an ampersand, the remedy is
simple: Just type `I\&' now. But if some right brace
up above has ended a previous alignment prematurely,
you're probably due for more error messages, and you
might try typing `S' now just to see what is salvageable.

! Misplaced alignment tab character &.
l.3 Reference & spekter/forurensing & Navn + eV &
                                                  Temperatur & Framstillings...
I can't figure out why you would want to use a tab mark
here. If you just want an ampersand, the remedy is
simple: Just type `I\&' now. But if some right brace
up above has ended a previous alignment prematurely,
you're probably due for more error messages, and you
might try typing `S' now just to see what is salvageable.

! Misplaced alignment tab character &.
l.3 ...kter/forurensing & Navn + eV & Temperatur &
                                                   Framstillingsmetode & Eks...
I can't figure out why you would want to use a tab mark
here. If you just want an ampersand, the remedy is
simple: Just type `I\&' now. But if some right brace
up above has ended a previous alignment prematurely,
you're probably due for more error messages, and you
might try typing `S' now just to see what is salvageable.

! Misplaced alignment tab character &.
l.3 ...n + eV & Temperatur & Framstillingsmetode &
                                                   Eksitasjonsprosess & Area...
I can't figure out why you would want to use a tab mark
here. If you just want an ampersand, the remedy is
simple: Just type `I\&' now. But if some right brace
up above has ended a previous alignment prematurely,
you're probably due for more error messages, and you
might try typing `S' now just to see what is salvageable.

! Misplaced alignment tab character &.
l.3 ... Framstillingsmetode & Eksitasjonsprosess &
                                                   Areal / Effekt per areal ...
I can't figure out why you would want to use a tab mark
here. If you just want an ampersand, the remedy is
simple: Just type `I\&' now. But if some right brace
up above has ended a previous alignment prematurely,
you're probably due for more error messages, and you
might try typing `S' now just to see what is salvageable.

! Misplaced alignment tab character &.
l.3 ...asjonsprosess & Areal / Effekt per areal  &
                                                   Doping
I can't figure out why you would want to use a tab mark
here. If you just want an ampersand, the remedy is
simple: Just type `I\&' now. But if some right brace
up above has ended a previous alignment prematurely,
you're probably due for more error messages, and you
might try typing `S' now just to see what is salvageable.


Underfull \hbox (badness 10000) in paragraph at lines 12--12
[]|\T1/cmr/m/n/10.95 Excitation
 []


LaTeX Warning: Reference `sugimoto07' on page 3 undefined on input line 13.


Underfull \hbox (badness 10000) in paragraph at lines 13--13
[]|\T1/cmr/m/n/10.95 532nm
 []


Underfull \hbox (badness 10000) in paragraph at lines 13--13
\T1/cmr/m/n/10.95 Nd:YVO$[]$
 []

! Undefined control sequence.
l.13 .../400 \micro m diameter and 0.1mW/10 \mirco
                                                   m diameter & p-doped \\ \...
The control sequence at the end of the top line
of your error message was never \def'ed. If you have
misspelled it (e.g., `\hobx'), type `I' and the correct
spelling (e.g., `I\hbox'). Otherwise just continue,
and I'll forget about whatever was undefined.


LaTeX Warning: Reference `tajima95' on page 3 undefined on input line 14.


LaTeX Warning: Reference `tajima95' on page 3 undefined on input line 15.


LaTeX Warning: Reference `tajima95' on page 3 undefined on input line 16.


LaTeX Warning: Reference `drozdov76' on page 3 undefined on input line 17.


Underfull \hbox (badness 10000) in paragraph at lines 17--17
[]|\T1/cmr/m/n/10.95 Cz-Si de-
 []


Underfull \hbox (badness 10000) in paragraph at lines 17--17
\T1/cmr/m/n/10.95 formed by
 []


Underfull \hbox (badness 10000) in paragraph at lines 17--17
\T1/cmr/m/n/10.95 bend-ing at
 []


Underfull \hbox (badness 10000) in paragraph at lines 17--17
\T1/cmr/m/n/10.95 850 de-grees
 []


LaTeX Warning: Reference `tarasov00' on page 3 undefined on input line 18.


Underfull \hbox (badness 10000) in paragraph at lines 18--18
[]|\T1/cmr/m/n/10.95 800nm Al-
 []


LaTeX Warning: Reference `drozdov76' on page 3 undefined on input line 19.


Underfull \hbox (badness 10000) in paragraph at lines 19--19
[]|\T1/cmr/m/n/10.95 Cz-Si de-
 []


Underfull \hbox (badness 10000) in paragraph at lines 19--19
\T1/cmr/m/n/10.95 formed by
 []


Underfull \hbox (badness 10000) in paragraph at lines 19--19
\T1/cmr/m/n/10.95 bend-ing at
 []


Underfull \hbox (badness 10000) in paragraph at lines 19--19
\T1/cmr/m/n/10.95 850 de-grees
 []


LaTeX Warning: Reference `tarasov00' on page 3 undefined on input line 20.


Underfull \hbox (badness 10000) in paragraph at lines 20--20
[]|\T1/cmr/m/n/10.95 800nm Al-
 []


LaTeX Warning: Reference `drozdov76' on page 3 undefined on input line 21.


Underfull \hbox (badness 10000) in paragraph at lines 21--21
[]|\T1/cmr/m/n/10.95 Cz-Si de-
 []


Underfull \hbox (badness 10000) in paragraph at lines 21--21
\T1/cmr/m/n/10.95 formed by
 []


Underfull \hbox (badness 10000) in paragraph at lines 21--21
\T1/cmr/m/n/10.95 bend-ing at
 []


Underfull \hbox (badness 10000) in paragraph at lines 21--21
\T1/cmr/m/n/10.95 850 de-grees
 []


LaTeX Warning: Reference `tarasov00' on page 3 undefined on input line 22.


Underfull \hbox (badness 10000) in paragraph at lines 22--22
[]|\T1/cmr/m/n/10.95 800nm Al-
 []


LaTeX Warning: Reference `drozdov76' on page 3 undefined on input line 23.


Underfull \hbox (badness 10000) in paragraph at lines 23--23
[]|\T1/cmr/m/n/10.95 Cz-Si de-
 []


Underfull \hbox (badness 10000) in paragraph at lines 23--23
\T1/cmr/m/n/10.95 formed by
 []


Underfull \hbox (badness 10000) in paragraph at lines 23--23
\T1/cmr/m/n/10.95 bend-ing at
 []


Underfull \hbox (badness 10000) in paragraph at lines 23--23
\T1/cmr/m/n/10.95 850 de-grees
 []


LaTeX Warning: Reference `tarasov00' on page 3 undefined on input line 24.


Underfull \hbox (badness 10000) in paragraph at lines 24--24
[]|\T1/cmr/m/n/10.95 800nm Al-
 []


LaTeX Warning: Reference `arguirov03' on page 3 undefined on input line 25.


Underfull \hbox (badness 10000) in paragraph at lines 25--25
[]|\T1/cmr/m/n/10.95 mc-Si and
 []


Underfull \hbox (badness 10000) in paragraph at lines 25--25
[]|\T1/cmr/m/n/10.95 Ar ion
 []


Underfull \hbox (badness 10000) in paragraph at lines 25--25
\T1/cmr/m/n/10.95 514nm at
 []


Underfull \hbox (badness 10000) in paragraph at lines 25--25
\T1/cmr/m/n/10.95 300mW on
 []


LaTeX Warning: Reference `arguirov03' on page 3 undefined on input line 26.


Underfull \hbox (badness 10000) in paragraph at lines 26--26
[]|\T1/cmr/m/n/10.95 mc-Si and
 []


Underfull \hbox (badness 10000) in paragraph at lines 26--26
[]|\T1/cmr/m/n/10.95 Ar ion
 []


Underfull \hbox (badness 10000) in paragraph at lines 26--26
\T1/cmr/m/n/10.95 514nm at
 []


Underfull \hbox (badness 10000) in paragraph at lines 26--26
\T1/cmr/m/n/10.95 300mW on
 []


Overfull \hbox (451.4674pt too wide) in paragraph at lines 9--29
 [][] 
 []

[3]
Overfull \vbox (136.34122pt too high) has occurred while \output is active []


[4]
! Misplaced alignment tab character &.
l.34 		Phenomena &
                   Description
I can't figure out why you would want to use a tab mark
here. If you just want an ampersand, the remedy is
simple: Just type `I\&' now. But if some right brace
up above has ended a previous alignment prematurely,
you're probably due for more error messages, and you
might try typing `S' now just to see what is salvageable.

! Misplaced alignment tab character &.
l.35 		B$_TO$ &
                TO phonon replica of the Boron bound exiton \ref{sugimoto07}
I can't figure out why you would want to use a tab mark
here. If you just want an ampersand, the remedy is
simple: Just type `I\&' now. But if some right brace
up above has ended a previous alignment prematurely,
you're probably due for more error messages, and you
might try typing `S' now just to see what is salvageable.


LaTeX Warning: Reference `sugimoto07' on page 5 undefined on input line 35.

! Misplaced alignment tab character &.
l.36 		Da &
            Broad background emission \ref{tajima95}
I can't figure out why you would want to use a tab mark
here. If you just want an ampersand, the remedy is
simple: Just type `I\&' now. But if some right brace
up above has ended a previous alignment prematurely,
you're probably due for more error messages, and you
might try typing `S' now just to see what is salvageable.


LaTeX Warning: Reference `tajima95' on page 5 undefined on input line 36.

! Misplaced alignment tab character &.
l.37 		Db &
            Oxygen impurity band \ref{tajima95}
I can't figure out why you would want to use a tab mark
here. If you just want an ampersand, the remedy is
simple: Just type `I\&' now. But if some right brace
up above has ended a previous alignment prematurely,
you're probably due for more error messages, and you
might try typing `S' now just to see what is salvageable.


LaTeX Warning: Reference `tajima95' on page 5 undefined on input line 37.

! Misplaced alignment tab character &.
l.38 		CZ-Si &
               Czochralski processed Silicon
I can't figure out why you would want to use a tab mark
here. If you just want an ampersand, the remedy is
simple: Just type `I\&' now. But if some right brace
up above has ended a previous alignment prematurely,
you're probably due for more error messages, and you
might try typing `S' now just to see what is salvageable.

! Misplaced alignment tab character &.
l.39 		D1	&
            Dislocation related line 1 \ref{drozdov76}
I can't figure out why you would want to use a tab mark
here. If you just want an ampersand, the remedy is
simple: Just type `I\&' now. But if some right brace
up above has ended a previous alignment prematurely,
you're probably due for more error messages, and you
might try typing `S' now just to see what is salvageable.


LaTeX Warning: Reference `drozdov76' on page 5 undefined on input line 39.

! Misplaced alignment tab character &.
l.40 		D1' &
             Dislocation related line 1 for mc-Si \ref{tarasov00}
I can't figure out why you would want to use a tab mark
here. If you just want an ampersand, the remedy is
simple: Just type `I\&' now. But if some right brace
up above has ended a previous alignment prematurely,
you're probably due for more error messages, and you
might try typing `S' now just to see what is salvageable.


LaTeX Warning: Reference `tarasov00' on page 5 undefined on input line 40.

! Misplaced alignment tab character &.
l.41 		D2	&
            Dislocation related line 2 \ref{drozdov76}
I can't figure out why you would want to use a tab mark
here. If you just want an ampersand, the remedy is
simple: Just type `I\&' now. But if some right brace
up above has ended a previous alignment prematurely,
you're probably due for more error messages, and you
might try typing `S' now just to see what is salvageable.


LaTeX Warning: Reference `drozdov76' on page 5 undefined on input line 41.

! Misplaced alignment tab character &.
l.42 		D2' &
             Dislocation related line 2 for mc-Si \ref{tarasov00}
I can't figure out why you would want to use a tab mark
here. If you just want an ampersand, the remedy is
simple: Just type `I\&' now. But if some right brace
up above has ended a previous alignment prematurely,
you're probably due for more error messages, and you
might try typing `S' now just to see what is salvageable.


LaTeX Warning: Reference `tarasov00' on page 5 undefined on input line 42.

! Misplaced alignment tab character &.
l.43 		D3	&
            Dislocation related line 3 \ref{drozdov76}
I can't figure out why you would want to use a tab mark
here. If you just want an ampersand, the remedy is
simple: Just type `I\&' now. But if some right brace
up above has ended a previous alignment prematurely,
you're probably due for more error messages, and you
might try typing `S' now just to see what is salvageable.


LaTeX Warning: Reference `drozdov76' on page 5 undefined on input line 43.

! Misplaced alignment tab character &.
l.44 		D3' &
             Dislocation related line 3 for mc-Si \ref{tarasov00}
I can't figure out why you would want to use a tab mark
here. If you just want an ampersand, the remedy is
simple: Just type `I\&' now. But if some right brace
up above has ended a previous alignment prematurely,
you're probably due for more error messages, and you
might try typing `S' now just to see what is salvageable.


LaTeX Warning: Reference `tarasov00' on page 5 undefined on input line 44.

! Misplaced alignment tab character &.
l.45 		D4	&
            Dislocation related line 4 \ref{drozdov76}
I can't figure out why you would want to use a tab mark
here. If you just want an ampersand, the remedy is
simple: Just type `I\&' now. But if some right brace
up above has ended a previous alignment prematurely,
you're probably due for more error messages, and you
might try typing `S' now just to see what is salvageable.


LaTeX Warning: Reference `drozdov76' on page 5 undefined on input line 45.

! Misplaced alignment tab character &.
l.46 		D4' &
             Dislocation related line 4 for mc-Si \ref{tarasov00}
I can't figure out why you would want to use a tab mark
here. If you just want an ampersand, the remedy is
simple: Just type `I\&' now. But if some right brace
up above has ended a previous alignment prematurely,
you're probably due for more error messages, and you
might try typing `S' now just to see what is salvageable.


LaTeX Warning: Reference `tarasov00' on page 5 undefined on input line 46.

! Misplaced alignment tab character &.
l.47 		EBIC &
              Electron beam induced current \ref{arguirov03}
I can't figure out why you would want to use a tab mark
here. If you just want an ampersand, the remedy is
simple: Just type `I\&' now. But if some right brace
up above has ended a previous alignment prematurely,
you're probably due for more error messages, and you
might try typing `S' now just to see what is salvageable.


LaTeX Warning: Reference `arguirov03' on page 5 undefined on input line 47.

! Misplaced alignment tab character &.
l.48 		EBSP &
              Electron Backscatter Diffraction Pattern \ref{sugimoto07}
I can't figure out why you would want to use a tab mark
here. If you just want an ampersand, the remedy is
simple: Just type `I\&' now. But if some right brace
up above has ended a previous alignment prematurely,
you're probably due for more error messages, and you
might try typing `S' now just to see what is salvageable.


LaTeX Warning: Reference `sugimoto07' on page 5 undefined on input line 48.

! Misplaced alignment tab character &.
l.49 		FZ-Si &
               Float-zone silicon
I can't figure out why you would want to use a tab mark
here. If you just want an ampersand, the remedy is
simple: Just type `I\&' now. But if some right brace
up above has ended a previous alignment prematurely,
you're probably due for more error messages, and you
might try typing `S' now just to see what is salvageable.

! Misplaced alignment tab character &.
l.50 		mc-Si &
               Multicrystalline silicon
I can't figure out why you would want to use a tab mark
here. If you just want an ampersand, the remedy is
simple: Just type `I\&' now. But if some right brace
up above has ended a previous alignment prematurely,
you're probably due for more error messages, and you
might try typing `S' now just to see what is salvageable.

! Misplaced alignment tab character &.
l.51 		R1BB &
              One phonon replica of band edge emission \ref{arguirov03}
I can't figure out why you would want to use a tab mark
here. If you just want an ampersand, the remedy is
simple: Just type `I\&' now. But if some right brace
up above has ended a previous alignment prematurely,
you're probably due for more error messages, and you
might try typing `S' now just to see what is salvageable.


LaTeX Warning: Reference `arguirov03' on page 5 undefined on input line 51.

! Misplaced alignment tab character &.
l.52 		R2BB &
              Two phonon replica of band edge emission \ref{arguirov03}
I can't figure out why you would want to use a tab mark
here. If you just want an ampersand, the remedy is
simple: Just type `I\&' now. But if some right brace
up above has ended a previous alignment prematurely,
you're probably due for more error messages, and you
might try typing `S' now just to see what is salvageable.


LaTeX Warning: Reference `arguirov03' on page 5 undefined on input line 52.

! Misplaced alignment tab character &.
l.53 		SA GB &
               Small Angle Grain Boundary
I can't figure out why you would want to use a tab mark
here. If you just want an ampersand, the remedy is
simple: Just type `I\&' now. But if some right brace
up above has ended a previous alignment prematurely,
you're probably due for more error messages, and you
might try typing `S' now just to see what is salvageable.


LaTeX Warning: Reference `suezawa83' on page 5 undefined on input line 56.


LaTeX Warning: Reference `sauer85' on page 5 undefined on input line 56.


LaTeX Warning: Reference `higgs91' on page 5 undefined on input line 56.


LaTeX Warning: Reference `segiguchi95' on page 5 undefined on input line 56.


LaTeX Warning: Reference `kveder95' on page 5 undefined on input line 58.


LaTeX Warning: Reference `kveder95' on page 5 undefined on input line 58.

) [5] ("C:\Documents and Settings\Jon\My Documents\Masteroppgave\LaTeX\teori.te
x") [6

]
("C:\Documents and Settings\Jon\My Documents\Masteroppgave\LaTeX\main.bbl"

LaTeX Warning: Empty `thebibliography' environment on input line 3.

) [7

] ("C:\Documents and Settings\Jon\My Documents\Masteroppgave\LaTeX\main.aux")

LaTeX Warning: There were undefined references.


LaTeX Warning: There were multiply-defined labels.

 ) 
Here is how much of TeX's memory you used:
 15323 strings out of 495285
 279629 string characters out of 3180346
 384587 words of memory out of 3000000
 18120 multiletter control sequences out of 15000+200000
 13772 words of font info for 41 fonts, out of 3000000 for 9000
 14 hyphenation exceptions out of 8191
 47i,13n,58p,1145b,387s stack positions out of 5000i,500n,10000p,200000b,50000s
 <C:\Documents and Settings\Jon\Local Settings\Application Data\MiKTeX\2.8\fo
nts\pk\ljfour\jknappen\ec\dpi600\ecbx1440.pk> <C:\Documents and Settings\Jon\Lo
cal Settings\Application Data\MiKTeX\2.8\fonts\pk\ljfour\jknappen\ec\dpi600\ecb
x1200.pk> <C:\Documents and Settings\Jon\Local Settings\Application Data\MiKTeX
\2.8\fonts\pk\ljfour\jknappen\ec\dpi600\ecbx1095.pk> <C:\Documents and Settings
\Jon\Local Settings\Application Data\MiKTeX\2.8\fonts\pk\ljfour\jknappen\ec\dpi
600\ecrm1095.pk><C:/Program Files/MiKTeX 2.8/fonts/type1/public/amsfonts/cm/cmm
i10.pfb><C:/Program Files/MiKTeX 2.8/fonts/type1/public/amsfonts/cm/cmmi8.pfb><
C:/Program Files/MiKTeX 2.8/fonts/type1/public/amsfonts/cm/cmr10.pfb><C:/Progra
m Files/MiKTeX 2.8/fonts/type1/public/amsfonts/cm/cmr8.pfb><C:/Program Files/Mi
KTeX 2.8/fonts/type1/public/amsfonts/cm/cmsy10.pfb><C:/Program Files/MiKTeX 2.8
/fonts/type1/public/amsfonts/cm/cmsy8.pfb><C:/Program Files/MiKTeX 2.8/fonts/ty
pe1/public/amsfonts/euler/eurm10.pfb>
Output written on main.pdf (7 pages, 103540 bytes).
PDF statistics:
 190 PDF objects out of 1000 (max. 8388607)
 12 named destinations out of 1000 (max. 500000)
 33 words of extra memory for PDF output out of 10000 (max. 10000000)

