\BOOKMARK [1][-]{section.1}{Theory}{}
\BOOKMARK [2][-]{subsection.1.1}{Solar cells}{section.1}
\BOOKMARK [3][-]{subsubsection.1.1.1}{Bandgap}{subsection.1.1}
\BOOKMARK [3][-]{subsubsection.1.1.2}{Doping}{subsection.1.1}
\BOOKMARK [3][-]{subsubsection.1.1.3}{Transport and recombination processes}{subsection.1.1}
\BOOKMARK [3][-]{subsubsection.1.1.4}{Excitation and recombination}{subsection.1.1}
\BOOKMARK [3][-]{subsubsection.1.1.5}{Solar cell}{subsection.1.1}
\BOOKMARK [2][-]{subsection.1.2}{Material science}{section.1}
\BOOKMARK [3][-]{subsubsection.1.2.1}{Czochralski method}{subsection.1.2}
\BOOKMARK [3][-]{subsubsection.1.2.2}{Float-zone process}{subsection.1.2}
\BOOKMARK [3][-]{subsubsection.1.2.3}{Siemens process}{subsection.1.2}
\BOOKMARK [3][-]{subsubsection.1.2.4}{Multicrystalline silicon}{subsection.1.2}
\BOOKMARK [3][-]{subsubsection.1.2.5}{Wafers}{subsection.1.2}
\BOOKMARK [3][-]{subsubsection.1.2.6}{Doping}{subsection.1.2}
\BOOKMARK [3][-]{subsubsection.1.2.7}{Defects}{subsection.1.2}
\BOOKMARK [2][-]{subsection.1.3}{Spectroscopic properties of silicon}{section.1}
\BOOKMARK [3][-]{subsubsection.1.3.1}{Phonons}{subsection.1.3}
\BOOKMARK [3][-]{subsubsection.1.3.2}{Excitons}{subsection.1.3}
\BOOKMARK [3][-]{subsubsection.1.3.3}{Electron-hole drops}{subsection.1.3}
\BOOKMARK [2][-]{subsection.1.4}{Spectroscopy}{section.1}
\BOOKMARK [3][-]{subsubsection.1.4.1}{Pumping wavelength}{subsection.1.4}
\BOOKMARK [3][-]{subsubsection.1.4.2}{Spot size}{subsection.1.4}
\BOOKMARK [3][-]{subsubsection.1.4.3}{Laser intensity}{subsection.1.4}
\BOOKMARK [3][-]{subsubsection.1.4.4}{Temperature dependency}{subsection.1.4}
\BOOKMARK [2][-]{subsection.1.5}{Collection of luminescence}{section.1}
\BOOKMARK [3][-]{subsubsection.1.5.1}{Spectrometer}{subsection.1.5}
\BOOKMARK [3][-]{subsubsection.1.5.2}{Noise}{subsection.1.5}
\BOOKMARK [2][-]{subsection.1.6}{Litterature review of relevant spectra}{section.1}
\BOOKMARK [3][-]{subsubsection.1.6.1}{Dislocation photoluminescence}{subsection.1.6}
\BOOKMARK [3][-]{subsubsection.1.6.2}{Room temperature}{subsection.1.6}
\BOOKMARK [3][-]{subsubsection.1.6.3}{Impurities}{subsection.1.6}
\BOOKMARK [3][-]{subsubsection.1.6.4}{Atom impurities}{subsection.1.6}
\BOOKMARK [3][-]{subsubsection.1.6.5}{Impurity interaction with dislocations}{subsection.1.6}
\BOOKMARK [1][-]{section.2}{Experimental}{}
\BOOKMARK [2][-]{subsection.2.1}{Samples}{section.2}
\BOOKMARK [3][-]{subsubsection.2.1.1}{R6-Q3-210}{subsection.2.1}
\BOOKMARK [3][-]{subsubsection.2.1.2}{ES1-Q3-201}{subsection.2.1}
\BOOKMARK [3][-]{subsubsection.2.1.3}{MH2-Q3-201}{subsection.2.1}
\BOOKMARK [2][-]{subsection.2.2}{Instrumentation}{section.2}
\BOOKMARK [2][-]{subsection.2.3}{Pumping wavelength}{section.2}
\BOOKMARK [2][-]{subsection.2.4}{Spot size}{section.2}
\BOOKMARK [3][-]{subsubsection.2.4.1}{Laser intensity}{subsection.2.4}
\BOOKMARK [2][-]{subsection.2.5}{Expected results}{section.2}
\BOOKMARK [3][-]{subsubsection.2.5.1}{Phosphorus and boron doped samples}{subsection.2.5}
\BOOKMARK [3][-]{subsubsection.2.5.2}{Sample with added Chromium}{subsection.2.5}
\BOOKMARK [3][-]{subsubsection.2.5.3}{Sample from clean feedstock}{subsection.2.5}
\BOOKMARK [2][-]{subsection.2.6}{Results plotting}{section.2}
\BOOKMARK [3][-]{subsubsection.2.6.1}{Disregarding defect pixels}{subsection.2.6}
\BOOKMARK [3][-]{subsubsection.2.6.2}{Noise reduction}{subsection.2.6}
\BOOKMARK [1][-]{section.3}{Results}{}
\BOOKMARK [2][-]{subsection.3.1}{R6-Q3-210}{section.3}
\BOOKMARK [2][-]{subsection.3.2}{ES1-Q3-201}{section.3}
\BOOKMARK [3][-]{subsubsection.3.2.1}{Room temperature}{subsection.3.2}
\BOOKMARK [3][-]{subsubsection.3.2.2}{Low temperature}{subsection.3.2}
\BOOKMARK [2][-]{subsection.3.3}{MH2-Q3-210}{section.3}
\BOOKMARK [3][-]{subsubsection.3.3.1}{Room temperature}{subsection.3.3}
\BOOKMARK [3][-]{subsubsection.3.3.2}{At 70K}{subsection.3.3}
\BOOKMARK [3][-]{subsubsection.3.3.3}{Low temperature}{subsection.3.3}
\BOOKMARK [3][-]{subsubsection.3.3.4}{Line mapping}{subsection.3.3}
\BOOKMARK [2][-]{subsection.3.4}{Results analysis}{section.3}
\BOOKMARK [3][-]{subsubsection.3.4.1}{Comparing different locations on sample R6-Q3-210}{subsection.3.4}
\BOOKMARK [3][-]{subsubsection.3.4.2}{Comparing different locations on sample ES1-Q3-201}{subsection.3.4}
\BOOKMARK [3][-]{subsubsection.3.4.3}{Comparing different locations on sample MH2-Q3-210}{subsection.3.4}
\BOOKMARK [3][-]{subsubsection.3.4.4}{Comparing similar areas on different samples}{subsection.3.4}
\BOOKMARK [1][-]{section.4}{Discussion}{}
\BOOKMARK [1][-]{appendix.A}{Silicon energy bands}{}
\BOOKMARK [1][-]{appendix.B}{Sample types and procedures}{}
\BOOKMARK [1][-]{appendix.C}{Abbrevations}{}
\BOOKMARK [1][-]{appendix.D}{Matlab code}{}
\BOOKMARK [2][-]{subsection.D.1}{Dead pixel correction}{appendix.D}
\BOOKMARK [2][-]{subsection.D.2}{Dark current noise estimation removal}{appendix.D}
\BOOKMARK [2][-]{subsection.D.3}{Read result files from directory}{appendix.D}
\BOOKMARK [2][-]{subsection.D.4}{Remove overlap and glue intervals}{appendix.D}
\BOOKMARK [2][-]{subsection.D.5}{Filter and plot results}{appendix.D}
