\BOOKMARK [1][-]{section.1}{Theory}{}
\BOOKMARK [2][-]{subsection.1.1}{Bandgap}{section.1}
\BOOKMARK [2][-]{subsection.1.2}{Doping}{section.1}
\BOOKMARK [2][-]{subsection.1.3}{Transport and recombination processes}{section.1}
\BOOKMARK [2][-]{subsection.1.4}{Excitation and recombination}{section.1}
\BOOKMARK [2][-]{subsection.1.5}{Solar cells}{section.1}
\BOOKMARK [2][-]{subsection.1.6}{Spectroscopy}{section.1}
\BOOKMARK [2][-]{subsection.1.7}{Spectrometer}{section.1}
\BOOKMARK [2][-]{subsection.1.8}{Noise}{section.1}
\BOOKMARK [2][-]{subsection.1.9}{Dislocation photoluminescence}{section.1}
\BOOKMARK [2][-]{subsection.1.10}{Impurities}{section.1}
\BOOKMARK [3][-]{subsubsection.1.10.1}{Atom impurities}{subsection.1.10}
\BOOKMARK [3][-]{subsubsection.1.10.2}{Interaction with dislocations}{subsection.1.10}
\BOOKMARK [1][-]{section.2}{Experimental}{}
\BOOKMARK [2][-]{subsection.2.1}{Samples}{section.2}
\BOOKMARK [3][-]{subsubsection.2.1.1}{R6-Q3-201}{subsection.2.1}
\BOOKMARK [3][-]{subsubsection.2.1.2}{ES1-Q3-201}{subsection.2.1}
\BOOKMARK [3][-]{subsubsection.2.1.3}{MH2-Q3-201}{subsection.2.1}
\BOOKMARK [2][-]{subsection.2.2}{Setup}{section.2}
\BOOKMARK [2][-]{subsection.2.3}{Pumping wavelength}{section.2}
\BOOKMARK [2][-]{subsection.2.4}{Spot size}{section.2}
\BOOKMARK [2][-]{subsection.2.5}{Laser intensity}{section.2}
\BOOKMARK [2][-]{subsection.2.6}{Expected results}{section.2}
\BOOKMARK [3][-]{subsubsection.2.6.1}{Phosphorus and boron doped samples}{subsection.2.6}
\BOOKMARK [3][-]{subsubsection.2.6.2}{Sample with added Chromium}{subsection.2.6}
\BOOKMARK [3][-]{subsubsection.2.6.3}{Sample from clean feedstock}{subsection.2.6}
\BOOKMARK [2][-]{subsection.2.7}{Results plotting}{section.2}
\BOOKMARK [3][-]{subsubsection.2.7.1}{Disregarding defect pixels}{subsection.2.7}
\BOOKMARK [3][-]{subsubsection.2.7.2}{Noise reduction}{subsection.2.7}
\BOOKMARK [1][-]{section.3}{Results}{}
\BOOKMARK [2][-]{subsection.3.1}{R6-Q3-210}{section.3}
\BOOKMARK [2][-]{subsection.3.2}{ES1-Q3-201}{section.3}
\BOOKMARK [3][-]{subsubsection.3.2.1}{Room temperature}{subsection.3.2}
\BOOKMARK [3][-]{subsubsection.3.2.2}{Low temperature}{subsection.3.2}
\BOOKMARK [2][-]{subsection.3.3}{MH2-Q3-210}{section.3}
\BOOKMARK [3][-]{subsubsection.3.3.1}{Room temperature}{subsection.3.3}
\BOOKMARK [3][-]{subsubsection.3.3.2}{At 70K}{subsection.3.3}
\BOOKMARK [3][-]{subsubsection.3.3.3}{Low temperature}{subsection.3.3}
\BOOKMARK [3][-]{subsubsection.3.3.4}{Line mapping}{subsection.3.3}
\BOOKMARK [1][-]{section.4}{Results analysis}{}
\BOOKMARK [2][-]{subsection.4.1}{Comparing different locations on sample MH2-Q3-210}{section.4}
\BOOKMARK [2][-]{subsection.4.2}{Comparing similar areas on different samples}{section.4}
\BOOKMARK [1][-]{section.5}{Discussion}{}
\BOOKMARK [1][-]{appendix.A}{Silicon energy bands}{}
\BOOKMARK [1][-]{appendix.B}{Sample types and procedures}{}
\BOOKMARK [1][-]{appendix.C}{Abbrevations}{}
\BOOKMARK [1][-]{appendix.D}{Matlab code}{}
\BOOKMARK [2][-]{subsection.D.1}{Dead pixel correction}{appendix.D}
\BOOKMARK [2][-]{subsection.D.2}{Dark current noise estimation removal}{appendix.D}
\BOOKMARK [2][-]{subsection.D.3}{Read result files from directory}{appendix.D}
\BOOKMARK [2][-]{subsection.D.4}{Remove overlap and glue intervals}{appendix.D}
\BOOKMARK [2][-]{subsection.D.5}{Filter and plot results}{appendix.D}
